{"C:\\Users\\mirru\\Downloads\\hebrew-verb-conjugation\\paal.js": {"path":"C:\\Users\\mirru\\Downloads\\hebrew-verb-conjugation\\paal.js","statementMap":{"0":{"start":{"line":3,"column":4},"end":{"line":3,"column":19}},"1":{"start":{"line":4,"column":4},"end":{"line":4,"column":19}},"2":{"start":{"line":5,"column":4},"end":{"line":5,"column":19}},"3":{"start":{"line":9,"column":0},"end":{"line":9,"column":22}}},"fnMap":{"0":{"name":"(anonymous_0)","decl":{"start":{"line":2,"column":2},"end":{"line":2,"column":3}},"loc":{"start":{"line":2,"column":23},"end":{"line":6,"column":3}},"line":2}},"branchMap":{},"s":{"0":3,"1":3,"2":3,"3":1},"f":{"0":3},"b":{},"_coverageSchema":"1a1c01bbd47fc00a2c39e90264f33305004495a9","hash":"2662872ddfeb4df8e62bf30807d5f65c306c1657"}
,"C:\\Users\\mirru\\Downloads\\hebrew-verb-conjugation\\verb.js": {"path":"C:\\Users\\mirru\\Downloads\\hebrew-verb-conjugation\\verb.js","statementMap":{"0":{"start":{"line":4,"column":4},"end":{"line":4,"column":19}},"1":{"start":{"line":5,"column":4},"end":{"line":5,"column":19}},"2":{"start":{"line":6,"column":4},"end":{"line":6,"column":19}},"3":{"start":{"line":12,"column":0},"end":{"line":12,"column":22}}},"fnMap":{"0":{"name":"(anonymous_0)","decl":{"start":{"line":3,"column":2},"end":{"line":3,"column":3}},"loc":{"start":{"line":3,"column":23},"end":{"line":7,"column":3}},"line":3}},"branchMap":{},"s":{"0":3,"1":3,"2":3,"3":1},"f":{"0":3},"b":{},"_coverageSchema":"1a1c01bbd47fc00a2c39e90264f33305004495a9","hash":"9bd0e9234ebbdad0a32568fc326ae4874891dafa"}
}
